<?xml version="1.0" encoding="UTF-8"?>
<!-- Generated by org.testng.reporters.JUnitReportReporter -->
<testsuite skipped="0" hostname="INHYTZPC02403" name="com.test.Gogletitletest" tests="2" failures="0" timestamp="20 May 2019 12:08:15 GMT" time="28.703" errors="0">
  <testcase name="googlelogoTest" time="11.729" classname="com.test.Gogletitletest"/>
  <testcase name="googleTitleTest" time="16.974" classname="com.test.Gogletitletest"/>
</testsuite> <!-- com.test.Gogletitletest -->
