<?xml version="1.0" encoding="UTF-8"?>
<!-- Generated by org.testng.reporters.JUnitReportReporter -->
<testsuite skipped="0" hostname="INHYTZPC02403" name="com.test.secondtest" tests="6" failures="0" timestamp="20 May 2019 12:08:15 GMT" time="57.126" errors="0">
  <testcase name="testCase2" time="8.802" classname="com.test.secondtest"/>
  <testcase name="googleLogoTest" time="11.943" classname="com.test.secondtest"/>
  <testcase name="mailLinkTest" time="9.537" classname="com.test.secondtest"/>
  <testcase name="googleTitleTest" time="9.246" classname="com.test.secondtest"/>
  <testcase name="testCase1" time="8.255" classname="com.test.secondtest"/>
  <testcase name="testCase3" time="9.343" classname="com.test.secondtest"/>
</testsuite> <!-- com.test.secondtest -->
