<?xml version="1.0" encoding="UTF-8"?>
<!-- Generated by org.testng.reporters.JUnitReportReporter -->
<testsuite skipped="0" hostname="INHYTZPC02403" name="com.test.invocationcounttest" tests="10" failures="0" timestamp="20 May 2019 11:13:48 GMT" time="0.019" errors="0">
  <testcase name="sum" time="0.001" classname="com.test.invocationcounttest"/>
  <testcase name="sum" time="0.001" classname="com.test.invocationcounttest"/>
  <testcase name="sum" time="0.001" classname="com.test.invocationcounttest"/>
  <testcase name="sum" time="0.002" classname="com.test.invocationcounttest"/>
  <testcase name="sum" time="0.002" classname="com.test.invocationcounttest"/>
  <testcase name="sum" time="0.008" classname="com.test.invocationcounttest"/>
  <testcase name="sum" time="0.001" classname="com.test.invocationcounttest"/>
  <testcase name="sum" time="0.001" classname="com.test.invocationcounttest"/>
  <testcase name="sum" time="0.001" classname="com.test.invocationcounttest"/>
  <testcase name="sum" time="0.001" classname="com.test.invocationcounttest"/>
</testsuite> <!-- com.test.invocationcounttest -->
