<?xml version="1.0" encoding="UTF-8"?>
<!-- Generated by org.testng.reporters.JUnitReportReporter -->
<testsuite skipped="0" hostname="INHYTZPC02403" name="com.test.exceptionTimeouttest" tests="1" failures="0" timestamp="20 May 2019 12:08:15 GMT" time="0.010" errors="0">
  <testcase name="infinitetest" time="0.010" classname="com.test.exceptionTimeouttest"/>
</testsuite> <!-- com.test.exceptionTimeouttest -->
