<?xml version="1.0" encoding="UTF-8"?>
<!-- Generated by org.testng.reporters.JUnitReportReporter -->
<testsuite skipped="0" hostname="INHYTZPC02403" name="com.test.TestngfeatureTest" tests="3" failures="0" timestamp="20 May 2019 11:07:39 GMT" time="20.359" errors="0">
  <testcase name="homepage1" time="6.034" classname="com.test.TestngfeatureTest"/>
  <testcase name="search" time="6.350" classname="com.test.TestngfeatureTest"/>
  <testcase name="login" time="7.975" classname="com.test.TestngfeatureTest"/>
</testsuite> <!-- com.test.TestngfeatureTest -->
