<?xml version="1.0" encoding="UTF-8"?>
<!-- Generated by org.testng.reporters.JUnitReportReporter -->
<testsuite skipped="0" hostname="INHYTZPC02403" name="com.test.testngbasics" tests="2" failures="0" timestamp="20 May 2019 06:59:40 GMT" time="0.008" errors="0">
  <testcase name="validatetest" time="0.005" classname="com.test.testngbasics"/>
  <testcase name="validatetest2" time="0.003" classname="com.test.testngbasics"/>
</testsuite> <!-- com.test.testngbasics -->
